<?xml version="1.0" encoding="UTF-8"?>
<!-- Generated by org.testng.reporters.JUnitXMLReporter -->
<testsuite ignored="0" hostname="DESKTOP-RQMUG97" failures="0" tests="3" name="Test1" time="0.046" errors="0" timestamp="2024-08-11T12:29:23 IST">
  <testcase classname="TestNG_Annotations.subpack.C2" name="xyz" time="0.007"/>
  <testcase classname="TestNG_Annotations.subpack.C3" name="pqr" time="0.002"/>
  <testcase classname="TestNG_Annotations.subpack.C1" name="abc" time="0.003"/>
</testsuite> <!-- Test1 -->
