<?xml version="1.0" encoding="UTF-8"?>
<!-- Generated by org.testng.reporters.JUnitXMLReporter -->
<testsuite ignored="0" hostname="DESKTOP-RQMUG97" failures="0" tests="3" name="Default test" time="0.066" errors="0" timestamp="2024-08-24T18:03:46 IST">
  <testcase classname="day40_TestNG.TestNG_FirstTestCase" name="openapp" time="0.008"/>
  <testcase classname="day40_TestNG.TestNG_FirstTestCase" name="login" time="0.009"/>
  <testcase classname="day40_TestNG.TestNG_FirstTestCase" name="logout" time="0.002"/>
</testsuite> <!-- Default test -->
