<?xml version="1.0" encoding="UTF-8"?>
<testng-results ignored="0" total="3" passed="3" failed="0" skipped="0">
  <reporter-output>
  </reporter-output>
  <suite started-at="2024-08-24T18:03:46 IST" name="Default suite" finished-at="2024-08-24T18:03:46 IST" duration-ms="66">
    <groups>
    </groups>
    <test started-at="2024-08-24T18:03:46 IST" name="Default test" finished-at="2024-08-24T18:03:46 IST" duration-ms="66">
      <class name="day40_TestNG.TestNG_FirstTestCase">
        <test-method signature="openapp()[pri:1, instance:day40_TestNG.TestNG_FirstTestCase@5119fb47]" started-at="2024-08-24T18:03:46 IST" name="openapp" finished-at="2024-08-24T18:03:46 IST" duration-ms="8" status="PASS">
          <reporter-output>
          </reporter-output>
        </test-method> <!-- openapp -->
        <test-method signature="login()[pri:2, instance:day40_TestNG.TestNG_FirstTestCase@5119fb47]" started-at="2024-08-24T18:03:46 IST" name="login" finished-at="2024-08-24T18:03:46 IST" duration-ms="9" status="PASS">
          <reporter-output>
          </reporter-output>
        </test-method> <!-- login -->
        <test-method signature="logout()[pri:3, instance:day40_TestNG.TestNG_FirstTestCase@5119fb47]" started-at="2024-08-24T18:03:46 IST" name="logout" finished-at="2024-08-24T18:03:46 IST" duration-ms="2" status="PASS">
          <reporter-output>
          </reporter-output>
        </test-method> <!-- logout -->
      </class> <!-- day40_TestNG.TestNG_FirstTestCase -->
    </test> <!-- Default test -->
  </suite> <!-- Default suite -->
</testng-results>
